declare -x ADDR2LINE="/home/icb/ignacio.ibarra/miniconda3/envs/scIB-python/bin/x86_64-conda-linux-gnu-addr2line"
declare -x AR="/home/icb/ignacio.ibarra/miniconda3/envs/scIB-python/bin/x86_64-conda-linux-gnu-ar"
declare -x AS="/home/icb/ignacio.ibarra/miniconda3/envs/scIB-python/bin/x86_64-conda-linux-gnu-as"
declare -x BUILD="x86_64-conda-linux-gnu"
declare -x CC="/home/icb/ignacio.ibarra/miniconda3/envs/scIB-python/bin/x86_64-conda-linux-gnu-cc"
declare -x CC_FOR_BUILD="/home/icb/ignacio.ibarra/miniconda3/envs/scIB-python/bin/x86_64-conda-linux-gnu-cc"
declare -x CFLAGS="-march=nocona -mtune=haswell -ftree-vectorize -fPIC -fstack-protector-strong -fno-plt -O2 -ffunction-sections -pipe -isystem /home/icb/ignacio.ibarra/miniconda3/envs/scIB-python/include"
declare -x CMAKE_ARGS="-DCMAKE_AR=/home/icb/ignacio.ibarra/miniconda3/envs/scIB-python/bin/x86_64-conda-linux-gnu-ar -DCMAKE_CXX_COMPILER_AR=/home/icb/ignacio.ibarra/miniconda3/envs/scIB-python/bin/x86_64-conda-linux-gnu-gcc-ar -DCMAKE_C_COMPILER_AR=/home/icb/ignacio.ibarra/miniconda3/envs/scIB-python/bin/x86_64-conda-linux-gnu-gcc-ar -DCMAKE_RANLIB=/home/icb/ignacio.ibarra/miniconda3/envs/scIB-python/bin/x86_64-conda-linux-gnu-ranlib -DCMAKE_CXX_COMPILER_RANLIB=/home/icb/ignacio.ibarra/miniconda3/envs/scIB-python/bin/x86_64-conda-linux-gnu-gcc-ranlib -DCMAKE_C_COMPILER_RANLIB=/home/icb/ignacio.ibarra/miniconda3/envs/scIB-python/bin/x86_64-conda-linux-gnu-gcc-ranlib -DCMAKE_LINKER=/home/icb/ignacio.ibarra/miniconda3/envs/scIB-python/bin/x86_64-conda-linux-gnu-ld -DCMAKE_STRIP=/home/icb/ignacio.ibarra/miniconda3/envs/scIB-python/bin/x86_64-conda-linux-gnu-strip"
declare -x CMAKE_PREFIX_PATH="/home/icb/ignacio.ibarra/miniconda3/envs/scIB-python:/home/icb/ignacio.ibarra/miniconda3/envs/scIB-python/x86_64-conda-linux-gnu/sysroot/usr"
declare -x CONDA_BACKUP_F90="/home/icb/ignacio.ibarra/miniconda3/envs/mypython3/bin/x86_64-conda_cos6-linux-gnu-gfortran"
declare -x CONDA_BACKUP_HOST="x86_64-conda_cos6-linux-gnu"
declare -x CONDA_BACKUP_LDFLAGS="-Wl,-O2 -Wl,--sort-common -Wl,--as-needed -Wl,-z,relro -Wl,-z,now -Wl,--disable-new-dtags -Wl,--gc-sections -Wl,-rpath,/home/icb/ignacio.ibarra/miniconda3/envs/mypython3/lib -Wl,-rpath-link,/home/icb/ignacio.ibarra/miniconda3/envs/mypython3/lib -L/home/icb/ignacio.ibarra/miniconda3/envs/mypython3/lib"
declare -x CONDA_BUILD_SYSROOT="/home/icb/ignacio.ibarra/miniconda3/envs/scIB-python/x86_64-conda-linux-gnu/sysroot"
declare -x CONDA_DEFAULT_ENV="scIB-python"
declare -x CONDA_EXE="/home/icb/ignacio.ibarra/miniconda3/bin/conda"
declare -x CONDA_PREFIX="/home/icb/ignacio.ibarra/miniconda3/envs/scIB-python"
declare -x CONDA_PREFIX_1="/home/icb/ignacio.ibarra/miniconda3"
declare -x CONDA_PREFIX_2="/home/icb/ignacio.ibarra/miniconda3/envs/mypython3"
declare -x CONDA_PROMPT_MODIFIER="(scIB-python) "
declare -x CONDA_PYTHON_EXE="/home/icb/ignacio.ibarra/miniconda3/bin/python"
declare -x CONDA_SHLVL="3"
declare -x CPP="/home/icb/ignacio.ibarra/miniconda3/envs/scIB-python/bin/x86_64-conda-linux-gnu-cpp"
declare -x CPPFLAGS="-DNDEBUG -D_FORTIFY_SOURCE=2 -O2 -isystem /home/icb/ignacio.ibarra/miniconda3/envs/scIB-python/include"
declare -x CUDA_VISIBLE_DEVICES="0"
declare -x CXX="/home/icb/ignacio.ibarra/miniconda3/envs/scIB-python/bin/x86_64-conda-linux-gnu-c++"
declare -x CXXFILT="/home/icb/ignacio.ibarra/miniconda3/envs/scIB-python/bin/x86_64-conda-linux-gnu-c++filt"
declare -x CXXFLAGS="-fvisibility-inlines-hidden -std=c++17 -fmessage-length=0 -march=nocona -mtune=haswell -ftree-vectorize -fPIC -fstack-protector-strong -fno-plt -O2 -ffunction-sections -pipe -isystem /home/icb/ignacio.ibarra/miniconda3/envs/scIB-python/include"
declare -x CXX_FOR_BUILD="/home/icb/ignacio.ibarra/miniconda3/envs/scIB-python/bin/x86_64-conda-linux-gnu-c++"
declare -x DEBUG_CFLAGS="-march=nocona -mtune=haswell -ftree-vectorize -fPIC -fstack-protector-all -fno-plt -Og -g -Wall -Wextra -fvar-tracking-assignments -ffunction-sections -pipe -isystem /home/icb/ignacio.ibarra/miniconda3/envs/scIB-python/include"
declare -x DEBUG_CPPFLAGS="-D_DEBUG -D_FORTIFY_SOURCE=2 -Og -isystem /home/icb/ignacio.ibarra/miniconda3/envs/scIB-python/include"
declare -x DEBUG_CXXFLAGS="-fvisibility-inlines-hidden -std=c++17 -fmessage-length=0 -march=nocona -mtune=haswell -ftree-vectorize -fPIC -fstack-protector-all -fno-plt -Og -g -Wall -Wextra -fvar-tracking-assignments -ffunction-sections -pipe -isystem /home/icb/ignacio.ibarra/miniconda3/envs/scIB-python/include"
declare -x DEBUG_FFLAGS="-fopenmp -march=nocona -mtune=haswell -ftree-vectorize -fPIC -fstack-protector-strong -fno-plt -O2 -ffunction-sections -pipe -isystem /home/icb/ignacio.ibarra/miniconda3/envs/scIB-python/include -fopenmp -march=nocona -mtune=haswell -ftree-vectorize -fPIC -fstack-protector-all -fno-plt -Og -g -Wall -Wextra -fcheck=all -fbacktrace -fimplicit-none -fvar-tracking-assignments -ffunction-sections -pipe"
declare -x DEBUG_FORTRANFLAGS="-fopenmp -march=nocona -mtune=haswell -ftree-vectorize -fPIC -fstack-protector-strong -fno-plt -O2 -ffunction-sections -pipe -isystem /home/icb/ignacio.ibarra/miniconda3/envs/scIB-python/include -fopenmp -march=nocona -mtune=haswell -ftree-vectorize -fPIC -fstack-protector-all -fno-plt -Og -g -Wall -Wextra -fcheck=all -fbacktrace -fimplicit-none -fvar-tracking-assignments -ffunction-sections -pipe"
declare -x DISPLAY="localhost:13.0"
declare -x ELFEDIT="/home/icb/ignacio.ibarra/miniconda3/envs/scIB-python/bin/x86_64-conda-linux-gnu-elfedit"
declare -x ENVIRONMENT="BATCH"
declare -x F77="/home/icb/ignacio.ibarra/miniconda3/envs/scIB-python/bin/x86_64-conda-linux-gnu-gfortran"
declare -x F90="/home/icb/ignacio.ibarra/miniconda3/envs/mypython3/bin/x86_64-conda_cos6-linux-gnu-gfortran"
declare -x F95="/home/icb/ignacio.ibarra/miniconda3/envs/scIB-python/bin/x86_64-conda-linux-gnu-f95"
declare -x FC="/home/icb/ignacio.ibarra/miniconda3/envs/scIB-python/bin/x86_64-conda-linux-gnu-gfortran"
declare -x FFLAGS="-fopenmp -march=nocona -mtune=haswell -ftree-vectorize -fPIC -fstack-protector-strong -fno-plt -O2 -ffunction-sections -pipe -isystem /home/icb/ignacio.ibarra/miniconda3/envs/scIB-python/include"
declare -x FORTRANFLAGS="-fopenmp -march=nocona -mtune=haswell -ftree-vectorize -fPIC -fstack-protector-strong -fno-plt -O2 -ffunction-sections -pipe -isystem /home/icb/ignacio.ibarra/miniconda3/envs/scIB-python/include"
declare -x GCC="/home/icb/ignacio.ibarra/miniconda3/envs/scIB-python/bin/x86_64-conda-linux-gnu-gcc"
declare -x GCC_AR="/home/icb/ignacio.ibarra/miniconda3/envs/scIB-python/bin/x86_64-conda-linux-gnu-gcc-ar"
declare -x GCC_NM="/home/icb/ignacio.ibarra/miniconda3/envs/scIB-python/bin/x86_64-conda-linux-gnu-gcc-nm"
declare -x GCC_RANLIB="/home/icb/ignacio.ibarra/miniconda3/envs/scIB-python/bin/x86_64-conda-linux-gnu-gcc-ranlib"
declare -x GFORTRAN="/home/icb/ignacio.ibarra/miniconda3/envs/scIB-python/bin/x86_64-conda-linux-gnu-gfortran"
declare -x GPROF="/home/icb/ignacio.ibarra/miniconda3/envs/scIB-python/bin/x86_64-conda-linux-gnu-gprof"
declare -x GPU_DEVICE_ORDINAL="0"
declare -x GXX="/home/icb/ignacio.ibarra/miniconda3/envs/scIB-python/bin/x86_64-conda-linux-gnu-g++"
declare -x HISTCONTROL="ignoredups"
declare -x HISTSIZE="1000"
declare -x HOME="/home/icb/ignacio.ibarra"
declare -x HOST="x86_64-conda-linux-gnu"
declare -x HOSTNAME="supergpu02pxe"
declare -x LANG="en_US.UTF-8"
declare -x LC_ALL="en_US.UTF-8"
declare -x LD="/home/icb/ignacio.ibarra/miniconda3/envs/scIB-python/bin/x86_64-conda-linux-gnu-ld"
declare -x LDFLAGS="-Wl,-O2 -Wl,--sort-common -Wl,--as-needed -Wl,-z,relro -Wl,-z,now -Wl,--disable-new-dtags -Wl,--gc-sections -Wl,-rpath,/home/icb/ignacio.ibarra/miniconda3/envs/mypython3/lib -Wl,-rpath-link,/home/icb/ignacio.ibarra/miniconda3/envs/mypython3/lib -L/home/icb/ignacio.ibarra/miniconda3/envs/mypython3/lib"
declare -x LD_GOLD="/home/icb/ignacio.ibarra/miniconda3/envs/scIB-python/bin/x86_64-conda-linux-gnu-ld.gold"
declare -x LD_LIBRARY_PATH=""
declare -x LESSOPEN="||/usr/bin/lesspipe.sh %s"
declare -x LOADEDMODULES=""
declare -x LOGNAME="ignacio.ibarra"
declare -x LS_COLORS="rs=0:di=01;34:ln=01;36:mh=00:pi=40;33:so=01;35:do=01;35:bd=40;33;01:cd=40;33;01:or=40;31;01:mi=01;05;37;41:su=37;41:sg=30;43:ca=30;41:tw=30;42:ow=34;42:st=37;44:ex=01;32:*.tar=01;31:*.tgz=01;31:*.arc=01;31:*.arj=01;31:*.taz=01;31:*.lha=01;31:*.lz4=01;31:*.lzh=01;31:*.lzma=01;31:*.tlz=01;31:*.txz=01;31:*.tzo=01;31:*.t7z=01;31:*.zip=01;31:*.z=01;31:*.Z=01;31:*.dz=01;31:*.gz=01;31:*.lrz=01;31:*.lz=01;31:*.lzo=01;31:*.xz=01;31:*.bz2=01;31:*.bz=01;31:*.tbz=01;31:*.tbz2=01;31:*.tz=01;31:*.deb=01;31:*.rpm=01;31:*.jar=01;31:*.war=01;31:*.ear=01;31:*.sar=01;31:*.rar=01;31:*.alz=01;31:*.ace=01;31:*.zoo=01;31:*.cpio=01;31:*.7z=01;31:*.rz=01;31:*.cab=01;31:*.jpg=01;35:*.jpeg=01;35:*.gif=01;35:*.bmp=01;35:*.pbm=01;35:*.pgm=01;35:*.ppm=01;35:*.tga=01;35:*.xbm=01;35:*.xpm=01;35:*.tif=01;35:*.tiff=01;35:*.png=01;35:*.svg=01;35:*.svgz=01;35:*.mng=01;35:*.pcx=01;35:*.mov=01;35:*.mpg=01;35:*.mpeg=01;35:*.m2v=01;35:*.mkv=01;35:*.webm=01;35:*.ogm=01;35:*.mp4=01;35:*.m4v=01;35:*.mp4v=01;35:*.vob=01;35:*.qt=01;35:*.nuv=01;35:*.wmv=01;35:*.asf=01;35:*.rm=01;35:*.rmvb=01;35:*.flc=01;35:*.avi=01;35:*.fli=01;35:*.flv=01;35:*.gl=01;35:*.dl=01;35:*.xcf=01;35:*.xwd=01;35:*.yuv=01;35:*.cgm=01;35:*.emf=01;35:*.axv=01;35:*.anx=01;35:*.ogv=01;35:*.ogx=01;35:*.aac=01;36:*.au=01;36:*.flac=01;36:*.mid=01;36:*.midi=01;36:*.mka=01;36:*.mp3=01;36:*.mpc=01;36:*.ogg=01;36:*.ra=01;36:*.wav=01;36:*.axa=01;36:*.oga=01;36:*.spx=01;36:*.xspf=01;36:"
declare -x MAIL="/var/spool/mail/ignacio.ibarra"
declare -x MODULEPATH="/usr/share/Modules/modulefiles:/etc/modulefiles"
declare -x MODULESHOME="/usr/share/Modules"
declare -x NM="/home/icb/ignacio.ibarra/miniconda3/envs/scIB-python/bin/x86_64-conda-linux-gnu-nm"
declare -x OBJCOPY="/home/icb/ignacio.ibarra/miniconda3/envs/scIB-python/bin/x86_64-conda-linux-gnu-objcopy"
declare -x OBJDUMP="/home/icb/ignacio.ibarra/miniconda3/envs/scIB-python/bin/x86_64-conda-linux-gnu-objdump"
declare -x OLDPWD
declare -x PATH="/home/icb/ignacio.ibarra/miniconda3/envs/scIB-python/bin:/home/icb/ignacio.ibarra/miniconda3/bin:/home/icb/ignacio.ibarra/miniconda3/bin:/home/icb/ignacio.ibarra/miniconda3/bin:/home/icb/ignacio.ibarra/miniconda3/condabin:/usr/local/bin:/usr/bin:/usr/local/sbin:/usr/sbin:/home/icb/ignacio.ibarra/.local/bin:/home/icb/ignacio.ibarra/bin:/home/icb/ignacio.ibarra/programs/LinearFold:/home/icb/ignacio.ibarra/programs/lsgkm/bin:/home/icb/ignacio.ibarra/programs/LinearFold:/home/icb/ignacio.ibarra/programs/lsgkm/bin:/home/icb/ignacio.ibarra/.local/bin:/home/icb/ignacio.ibarra/bin:/home/icb/ignacio.ibarra/programs/LinearFold:/home/icb/ignacio.ibarra/programs/lsgkm/bin:/home/icb/ignacio.ibarra/programs/LinearFold:/home/icb/ignacio.ibarra/programs/lsgkm/bin:/home/icb/ignacio.ibarra/programs/LinearFold:/home/icb/ignacio.ibarra/programs/lsgkm/bin"
declare -x PWD="/lustre/groups/ml01/workspace/ignacio.ibarra/theislab/retinal_scRNAseq_integration/notebooks/pipeline_integration_2021_march"
declare -x QT_GRAPHICSSYSTEM_CHECKED="1"
declare -x QT_QPA_PLATFORM="offscreen"
declare -x RANLIB="/home/icb/ignacio.ibarra/miniconda3/envs/scIB-python/bin/x86_64-conda-linux-gnu-ranlib"
declare -x READELF="/home/icb/ignacio.ibarra/miniconda3/envs/scIB-python/bin/x86_64-conda-linux-gnu-readelf"
declare -x ROCR_VISIBLE_DEVICES="0"
declare -x RSTUDIO_WHICH_R="/home/icb/ignacio.ibarra/miniconda3/envs/scIB-python/bin/R"
declare -x R_LIBS=""
declare -x R_LIBS_OLD=""
declare -x SHELL="/bin/bash"
declare -x SHLVL="4"
declare -x SIZE="/home/icb/ignacio.ibarra/miniconda3/envs/scIB-python/bin/x86_64-conda-linux-gnu-size"
declare -x SLURMD_NODENAME="supergpu02pxe"
declare -x SLURM_ARRAY_JOB_ID="10744259"
declare -x SLURM_ARRAY_TASK_COUNT="5"
declare -x SLURM_ARRAY_TASK_ID="2"
declare -x SLURM_ARRAY_TASK_MAX="4"
declare -x SLURM_ARRAY_TASK_MIN="0"
declare -x SLURM_ARRAY_TASK_STEP="1"
declare -x SLURM_CLUSTER_NAME="algoritam"
declare -x SLURM_CONF="/etc/slurm/slurm.conf"
declare -x SLURM_CPUS_ON_NODE="4"
declare -x SLURM_CPUS_PER_TASK="4"
declare -x SLURM_CPU_BIND="quiet,mask_cpu:0x000000400000,0x000000400000"
declare -x SLURM_CPU_BIND_LIST="0x000000400000,0x000000400000"
declare -x SLURM_CPU_BIND_TYPE="mask_cpu:"
declare -x SLURM_CPU_BIND_VERBOSE="quiet"
declare -x SLURM_DISTRIBUTION="block"
declare -x SLURM_GTIDS="0"
declare -x SLURM_JOBID="10744262"
declare -x SLURM_JOB_ACCOUNT="icb"
declare -x SLURM_JOB_CPUS_PER_NODE="4"
declare -x SLURM_JOB_GID="20000"
declare -x SLURM_JOB_GPUS="15"
declare -x SLURM_JOB_ID="10744262"
declare -x SLURM_JOB_NAME="run_GPU_scib"
declare -x SLURM_JOB_NODELIST="supergpu02pxe"
declare -x SLURM_JOB_NUM_NODES="1"
declare -x SLURM_JOB_PARTITION="gpu_p"
declare -x SLURM_JOB_QOS="gpu"
declare -x SLURM_JOB_UID="140668"
declare -x SLURM_JOB_USER="ignacio.ibarra"
declare -x SLURM_LAUNCH_NODE_IPADDR="10.216.0.171"
declare -x SLURM_LOCALID="0"
declare -x SLURM_MEM_PER_NODE="61440"
declare -x SLURM_NNODES="1"
declare -x SLURM_NODEID="0"
declare -x SLURM_NODELIST="supergpu02pxe"
declare -x SLURM_NODE_ALIASES="(null)"
declare -x SLURM_NPROCS="2"
declare -x SLURM_NTASKS="2"
declare -x SLURM_PRIO_PROCESS="0"
declare -x SLURM_PROCID="0"
declare -x SLURM_PTY_PORT="35968"
declare -x SLURM_PTY_WIN_COL="229"
declare -x SLURM_PTY_WIN_ROW="62"
declare -x SLURM_SRUN_COMM_HOST="10.216.0.171"
declare -x SLURM_SRUN_COMM_PORT="42203"
declare -x SLURM_STEPID="0"
declare -x SLURM_STEP_ID="0"
declare -x SLURM_STEP_LAUNCHER_PORT="42203"
declare -x SLURM_STEP_NODELIST="icb-mona"
declare -x SLURM_STEP_NUM_NODES="1"
declare -x SLURM_STEP_NUM_TASKS="2"
declare -x SLURM_STEP_TASKS_PER_NODE="2"
declare -x SLURM_SUBMIT_DIR="/lustre/groups/ml01/workspace/ignacio.ibarra/theislab/retinal_scRNAseq_integration/notebooks/pipeline_integration_2021_march"
declare -x SLURM_SUBMIT_HOST="icb-mona.scidom.de"
declare -x SLURM_TASKS_PER_NODE="1"
declare -x SLURM_TASK_PID="6918"
declare -x SLURM_TOPOLOGY_ADDR="supergpu02pxe"
declare -x SLURM_TOPOLOGY_ADDR_PATTERN="node"
declare -x SLURM_WORKING_CLUSTER="algoritam:masterser:6817:9216:109"
declare -x SRUN_DEBUG="3"
declare -x SSH_ASKPASS="/usr/libexec/openssh/gnome-ssh-askpass"
declare -x SSH_CLIENT="146.107.126.56 61725 22"
declare -x SSH_CONNECTION="146.107.126.56 61725 10.216.0.171 22"
declare -x SSH_TTY="/dev/pts/13"
declare -x STRINGS="/home/icb/ignacio.ibarra/miniconda3/envs/scIB-python/bin/x86_64-conda-linux-gnu-strings"
declare -x STRIP="/home/icb/ignacio.ibarra/miniconda3/envs/scIB-python/bin/x86_64-conda-linux-gnu-strip"
declare -x STY="60446.pts-13.hpc-submit02"
declare -x TERM="screen"
declare -x TERMCAP="SC|screen|VT 100/ANSI X3.64 virtual terminal:\\
	:DO=\\E[%dB:LE=\\E[%dD:RI=\\E[%dC:UP=\\E[%dA:bs:bt=\\E[Z:\\
	:cd=\\E[J:ce=\\E[K:cl=\\E[H\\E[J:cm=\\E[%i%d;%dH:ct=\\E[3g:\\
	:do=^J:nd=\\E[C:pt:rc=\\E8:rs=\\Ec:sc=\\E7:st=\\EH:up=\\EM:\\
	:le=^H:bl=^G:cr=^M:it#8:ho=\\E[H:nw=\\EE:ta=^I:is=\\E)0:\\
	:li#62:co#229:am:xn:xv:LP:sr=\\EM:al=\\E[L:AL=\\E[%dL:\\
	:cs=\\E[%i%d;%dr:dl=\\E[M:DL=\\E[%dM:dc=\\E[P:DC=\\E[%dP:\\
	:im=\\E[4h:ei=\\E[4l:mi:IC=\\E[%d@:ks=\\E[?1h\\E=:\\
	:ke=\\E[?1l\\E>:vi=\\E[?25l:ve=\\E[34h\\E[?25h:vs=\\E[34l:\\
	:ti=\\E[?1049h:te=\\E[?1049l:us=\\E[4m:ue=\\E[24m:so=\\E[3m:\\
	:se=\\E[23m:mb=\\E[5m:md=\\E[1m:mr=\\E[7m:me=\\E[m:ms:\\
	:Co#8:pa#64:AF=\\E[3%dm:AB=\\E[4%dm:op=\\E[39;49m:AX:\\
	:vb=\\Eg:G0:as=\\E(0:ae=\\E(B:\\
	:ac=\\140\\140aaffggjjkkllmmnnooppqqrrssttuuvvwwxxyyzz{{||}}~~..--++,,hhII00:\\
	:po=\\E[5i:pf=\\E[4i:Km=\\E[M:k0=\\E[10~:k1=\\EOP:k2=\\EOQ:\\
	:k3=\\EOR:k4=\\EOS:k5=\\E[15~:k6=\\E[17~:k7=\\E[18~:\\
	:k8=\\E[19~:k9=\\E[20~:k;=\\E[21~:F1=\\E[23~:F2=\\E[24~:\\
	:F3=\\E[1;2P:F4=\\E[1;2Q:F5=\\E[1;2R:F6=\\E[1;2S:\\
	:F7=\\E[15;2~:F8=\\E[17;2~:F9=\\E[18;2~:FA=\\E[19;2~:kb=:\\
	:K2=\\EOE:kB=\\E[Z:kF=\\E[1;2B:kR=\\E[1;2A:*4=\\E[3;2~:\\
	:*7=\\E[1;2F:#2=\\E[1;2H:#3=\\E[2;2~:#4=\\E[1;2D:%c=\\E[6;2~:\\
	:%e=\\E[5;2~:%i=\\E[1;2C:kh=\\E[1~:@1=\\E[1~:kH=\\E[4~:\\
	:@7=\\E[4~:kN=\\E[6~:kP=\\E[5~:kI=\\E[2~:kD=\\E[3~:ku=\\EOA:\\
	:kd=\\EOB:kr=\\EOC:kl=\\EOD:km:"
declare -x TMPDIR="/tmp"
declare -x USER="ignacio.ibarra"
declare -x WINDOW="0"
declare -x XDG_DATA_DIRS="/home/icb/ignacio.ibarra/.local/share/flatpak/exports/share:/var/lib/flatpak/exports/share:/usr/local/share:/usr/share"
declare -x XDG_RUNTIME_DIR="/run/user/140668"
declare -x XDG_SESSION_ID="27719"
declare -x _CE_CONDA=""
declare -x _CE_M=""
declare -x _CONDA_PYTHON_SYSCONFIGDATA_NAME="_sysconfigdata_x86_64_conda_cos6_linux_gnu"
declare -x build_alias="x86_64-conda-linux-gnu"
declare -x host_alias="x86_64-conda-linux-gnu"
['00_6_run_GPU_methods.py', '2']
pytorch + cuda
1.8.0
2.7.0
scgen
# of detected devices 2
0 /device:CPU:0
1 /device:GPU:0
query 2
method                                                   scvi_E100
hvg                                                           3000
cell_type_key                                                  NaN
input            /lustre/groups/ml01/workspace/ignacio.ibarra/t...
output           /lustre/groups/ml01/workspace/ignacio.ibarra/t...
nepochs                                                      100.0
nlayers                                                        NaN
nhidden                                                        NaN
Name: 2, dtype: object
# epochs 100.0
True /lustre/groups/ml01/workspace/ignacio.ibarra/theislab/retinal_scRNAseq_integration/data/integration_march_2021/output/retinal_all_cells_Chenfixed+Hackney_batch_donor_dataset_cell.type/prepare/unscaled/HVG.3K/adata_pre.h5ad
True /lustre/groups/ml01/workspace/ignacio.ibarra/theislab/retinal_scRNAseq_integration/data/integration_march_2021/output/retinal_all_cells_Chenfixed+Hackney_batch_donor_dataset_cell.type/integration/unscaled/HVG.3K/scvi_E100.h5ad

False /lustre/groups/ml01/workspace/ignacio.ibarra/theislab/retinal_scRNAseq_integration/data/integration_march_2021/output/retinal_all_cells_Chenfixed+Hackney_batch_donor_dataset_cell.type/integration/unscaled/HVG.3K/scvi_E100_embed.csv
this output file already exists. Modestly walking out...
